Building DAG of jobs...
Using shell: /usr/bin/bash
Provided cores: 1 (use --cores to define parallelism)
Rules claiming more threads will be scaled down.
Job stats:
job           count
----------  -------
all               1
get_dosage        3
total             4

Select jobs to execute...

[Wed Oct 25 18:11:20 2023]
rule get_dosage:
    input: 03_extracting_dosage.sh, genotype/PDILT.vcf.gz
    output: genotype/PDILT_dosage.txt, genotype/PDILT_variants.list
    jobid: 6
    reason: Missing output files: genotype/PDILT_variants.list, genotype/PDILT_dosage.txt
    wildcards: locus=PDILT
    resources: tmpdir=/tmp

[Wed Oct 25 18:11:21 2023]
Error in rule get_dosage:
    jobid: 6
    input: 03_extracting_dosage.sh, genotype/PDILT.vcf.gz
    output: genotype/PDILT_dosage.txt, genotype/PDILT_variants.list
    shell:
        
        bash 03_extracting_dosage.sh genotype/PDILT.vcf.gz
        
        (one of the commands exited with non-zero exit code; note that snakemake uses bash strict mode!)

Shutting down, this might take some time.
Exiting because a job execution failed. Look above for error message
Complete log: .snakemake/log/2023-10-25T181120.104545.snakemake.log
